[2026-06-13 02:36:52,378: INFO/MainProcess] beat: Starting...
[2026-06-13 03:11:14,876: INFO/MainProcess] DatabaseScheduler: Schedule changed.
[2026-06-13 03:36:52,398: INFO/MainProcess] Scheduler: Sending due task celery.backend_cleanup (celery.backend_cleanup)
[2026-06-13 04:36:52,387: INFO/MainProcess] Scheduler: Sending due task celery.backend_cleanup (celery.backend_cleanup)
[2026-06-13 05:36:52,388: INFO/MainProcess] Scheduler: Sending due task celery.backend_cleanup (celery.backend_cleanup)
[2026-06-13 06:36:52,388: INFO/MainProcess] Scheduler: Sending due task celery.backend_cleanup (celery.backend_cleanup)
[2026-06-13 07:37:40,353: INFO/MainProcess] Scheduler: Sending due task celery.backend_cleanup (celery.backend_cleanup)
[2026-06-13 08:42:50,343: INFO/MainProcess] Scheduler: Sending due task celery.backend_cleanup (celery.backend_cleanup)
[2026-06-13 09:43:50,493: INFO/MainProcess] Scheduler: Sending due task celery.backend_cleanup (celery.backend_cleanup)
[2026-06-13 10:44:50,573: INFO/MainProcess] Scheduler: Sending due task celery.backend_cleanup (celery.backend_cleanup)
[2026-06-13 11:45:50,473: INFO/MainProcess] Scheduler: Sending due task celery.backend_cleanup (celery.backend_cleanup)
[2026-06-13 12:46:52,165: INFO/MainProcess] Scheduler: Sending due task celery.backend_cleanup (celery.backend_cleanup)
[2026-06-13 13:47:51,029: INFO/MainProcess] Scheduler: Sending due task celery.backend_cleanup (celery.backend_cleanup)
[2026-06-13 14:51:42,275: INFO/MainProcess] Scheduler: Sending due task celery.backend_cleanup (celery.backend_cleanup)
[2026-06-13 15:52:07,443: INFO/MainProcess] Scheduler: Sending due task celery.backend_cleanup (celery.backend_cleanup)
[2026-06-13 17:02:03,466: INFO/MainProcess] Scheduler: Sending due task celery.backend_cleanup (celery.backend_cleanup)
[2026-06-13 18:02:03,467: INFO/MainProcess] Scheduler: Sending due task celery.backend_cleanup (celery.backend_cleanup)
[2026-06-13 19:07:28,483: INFO/MainProcess] Scheduler: Sending due task celery.backend_cleanup (celery.backend_cleanup)
[2026-06-13 20:08:34,820: INFO/MainProcess] Scheduler: Sending due task celery.backend_cleanup (celery.backend_cleanup)
[2026-06-13 21:18:13,403: INFO/MainProcess] Scheduler: Sending due task celery.backend_cleanup (celery.backend_cleanup)
[2026-06-13 22:19:16,088: INFO/MainProcess] Scheduler: Sending due task celery.backend_cleanup (celery.backend_cleanup)
[2026-06-13 23:28:50,080: INFO/MainProcess] Scheduler: Sending due task celery.backend_cleanup (celery.backend_cleanup)
[2026-06-14 00:43:04,082: INFO/MainProcess] Scheduler: Sending due task celery.backend_cleanup (celery.backend_cleanup)
[2026-06-14 01:43:04,082: INFO/MainProcess] Scheduler: Sending due task celery.backend_cleanup (celery.backend_cleanup)
[2026-06-14 02:46:56,745: INFO/MainProcess] Scheduler: Sending due task celery.backend_cleanup (celery.backend_cleanup)
[2026-06-14 03:58:43,816: INFO/MainProcess] Scheduler: Sending due task celery.backend_cleanup (celery.backend_cleanup)
[2026-06-14 05:03:12,899: INFO/MainProcess] Scheduler: Sending due task celery.backend_cleanup (celery.backend_cleanup)
[2026-06-14 06:03:12,900: INFO/MainProcess] Scheduler: Sending due task celery.backend_cleanup (celery.backend_cleanup)
[2026-06-14 07:03:12,901: INFO/MainProcess] Scheduler: Sending due task celery.backend_cleanup (celery.backend_cleanup)
[2026-06-14 08:03:12,902: INFO/MainProcess] Scheduler: Sending due task celery.backend_cleanup (celery.backend_cleanup)
[2026-06-14 09:03:12,902: INFO/MainProcess] Scheduler: Sending due task celery.backend_cleanup (celery.backend_cleanup)
[2026-06-14 10:03:12,902: INFO/MainProcess] Scheduler: Sending due task celery.backend_cleanup (celery.backend_cleanup)
[2026-06-14 11:03:12,903: INFO/MainProcess] Scheduler: Sending due task celery.backend_cleanup (celery.backend_cleanup)
[2026-06-14 12:17:31,365: INFO/MainProcess] Scheduler: Sending due task celery.backend_cleanup (celery.backend_cleanup)
[2026-06-14 13:29:36,810: INFO/MainProcess] Scheduler: Sending due task celery.backend_cleanup (celery.backend_cleanup)
[2026-06-15 08:31:11,957: INFO/MainProcess] Scheduler: Sending due task celery.backend_cleanup (celery.backend_cleanup)
[2026-06-15 09:15:07,128: INFO/MainProcess] DatabaseScheduler: Schedule changed.
[2026-06-15 09:31:11,957: INFO/MainProcess] Scheduler: Sending due task celery.backend_cleanup (celery.backend_cleanup)
[2026-06-15 09:45:05,775: INFO/MainProcess] Scheduler: Sending due task Queue new episodes for monitored shows (queue_new_episodes)
[2026-06-15 10:00:35,002: INFO/MainProcess] beat: Starting...
[2026-06-15 10:00:35,024: ERROR/MainProcess] Cannot add entry 'celery.backend_cleanup' to database schedule: OperationalError('database is locked'). Contents: {'task': 'celery.backend_cleanup', 'schedule': <crontab: 0 4 * * * (m/h/dM/MY/d)>, 'options': {'expire_seconds': 43200}}
Traceback (most recent call last):
  File "/Users/hairy-moore/Documents/daredevil/venv/lib/python3.13/site-packages/django/db/backends/utils.py", line 89, in _execute
    return self.cursor.execute(sql, params)
           ~~~~~~~~~~~~~~~~~~~^^^^^^^^^^^^^
  File "/Users/hairy-moore/Documents/daredevil/venv/lib/python3.13/site-packages/django/db/backends/sqlite3/base.py", line 328, in execute
    return super().execute(query, params)
           ~~~~~~~~~~~~~~~^^^^^^^^^^^^^^^
sqlite3.OperationalError: database is locked

The above exception was the direct cause of the following exception:

Traceback (most recent call last):
  File "/Users/hairy-moore/Documents/daredevil/venv/lib/python3.13/site-packages/django_celery_beat/schedulers.py", line 476, in update_from_dict
    entry = self.Entry.from_entry(name,
                                  app=self.app,
                                  **entry_fields)
  File "/Users/hairy-moore/Documents/daredevil/venv/lib/python3.13/site-packages/django_celery_beat/schedulers.py", line 192, in from_entry
    obj, created = PeriodicTask._default_manager.update_or_create(
                   ~~~~~~~~~~~~~~~~~~~~~~~~~~~~~~~~~~~~~~~~~~~~~~^
        name=name, defaults=cls._unpack_fields(**entry),
        ^^^^^^^^^^^^^^^^^^^^^^^^^^^^^^^^^^^^^^^^^^^^^^^^
    )
    ^
  File "/Users/hairy-moore/Documents/daredevil/venv/lib/python3.13/site-packages/django/db/models/manager.py", line 87, in manager_method
    return getattr(self.get_queryset(), name)(*args, **kwargs)
           ~~~~~~~~~~~~~~~~~~~~~~~~~~~~~~~~~~^^^^^^^^^^^^^^^^^
  File "/Users/hairy-moore/Documents/daredevil/venv/lib/python3.13/site-packages/django/db/models/query.py", line 972, in update_or_create
    obj.save(using=self.db, update_fields=update_fields)
    ~~~~~~~~^^^^^^^^^^^^^^^^^^^^^^^^^^^^^^^^^^^^^^^^^^^^
  File "/Users/hairy-moore/Documents/daredevil/venv/lib/python3.13/site-packages/django_celery_beat/models.py", line 628, in save
    super().save(*args, **kwargs)
    ~~~~~~~~~~~~^^^^^^^^^^^^^^^^^
  File "/Users/hairy-moore/Documents/daredevil/venv/lib/python3.13/site-packages/django/db/models/base.py", line 814, in save
    self.save_base(
    ~~~~~~~~~~~~~~^
        using=using,
        ^^^^^^^^^^^^
    ...<2 lines>...
        update_fields=update_fields,
        ^^^^^^^^^^^^^^^^^^^^^^^^^^^^
    )
    ^
  File "/Users/hairy-moore/Documents/daredevil/venv/lib/python3.13/site-packages/django/db/models/base.py", line 861, in save_base
    pre_save.send(
    ~~~~~~~~~~~~~^
        sender=origin,
        ^^^^^^^^^^^^^^
    ...<3 lines>...
        update_fields=update_fields,
        ^^^^^^^^^^^^^^^^^^^^^^^^^^^^
    )
    ^
  File "/Users/hairy-moore/Documents/daredevil/venv/lib/python3.13/site-packages/django/dispatch/dispatcher.py", line 177, in send
    (receiver, receiver(signal=self, sender=sender, **named))
               ~~~~~~~~^^^^^^^^^^^^^^^^^^^^^^^^^^^^^^^^^^^^^
  File "/Users/hairy-moore/Documents/daredevil/venv/lib/python3.13/site-packages/django_celery_beat/models.py", line 418, in changed
    cls.update_changed()
    ~~~~~~~~~~~~~~~~~~^^
  File "/Users/hairy-moore/Documents/daredevil/venv/lib/python3.13/site-packages/django_celery_beat/models.py", line 422, in update_changed
    cls.objects.update_or_create(ident=1, defaults={'last_update': now()})
    ~~~~~~~~~~~~~~~~~~~~~~~~~~~~^^^^^^^^^^^^^^^^^^^^^^^^^^^^^^^^^^^^^^^^^^
  File "/Users/hairy-moore/Documents/daredevil/venv/lib/python3.13/site-packages/django/db/models/manager.py", line 87, in manager_method
    return getattr(self.get_queryset(), name)(*args, **kwargs)
           ~~~~~~~~~~~~~~~~~~~~~~~~~~~~~~~~~~^^^^^^^^^^^^^^^^^
  File "/Users/hairy-moore/Documents/daredevil/venv/lib/python3.13/site-packages/django/db/models/query.py", line 972, in update_or_create
    obj.save(using=self.db, update_fields=update_fields)
    ~~~~~~~~^^^^^^^^^^^^^^^^^^^^^^^^^^^^^^^^^^^^^^^^^^^^
  File "/Users/hairy-moore/Documents/daredevil/venv/lib/python3.13/site-packages/django/db/models/base.py", line 814, in save
    self.save_base(
    ~~~~~~~~~~~~~~^
        using=using,
        ^^^^^^^^^^^^
    ...<2 lines>...
        update_fields=update_fields,
        ^^^^^^^^^^^^^^^^^^^^^^^^^^^^
    )
    ^
  File "/Users/hairy-moore/Documents/daredevil/venv/lib/python3.13/site-packages/django/db/models/base.py", line 877, in save_base
    updated = self._save_table(
        raw,
    ...<4 lines>...
        update_fields,
    )
  File "/Users/hairy-moore/Documents/daredevil/venv/lib/python3.13/site-packages/django/db/models/base.py", line 990, in _save_table
    updated = self._do_update(
        base_qs, using, pk_val, values, update_fields, forced_update
    )
  File "/Users/hairy-moore/Documents/daredevil/venv/lib/python3.13/site-packages/django/db/models/base.py", line 1054, in _do_update
    return filtered._update(values) > 0
           ~~~~~~~~~~~~~~~~^^^^^^^^
  File "/Users/hairy-moore/Documents/daredevil/venv/lib/python3.13/site-packages/django/db/models/query.py", line 1233, in _update
    return query.get_compiler(self.db).execute_sql(CURSOR)
           ~~~~~~~~~~~~~~~~~~~~~~~~~~~~~~~~~~~~~~~^^^^^^^^
  File "/Users/hairy-moore/Documents/daredevil/venv/lib/python3.13/site-packages/django/db/models/sql/compiler.py", line 1984, in execute_sql
    cursor = super().execute_sql(result_type)
  File "/Users/hairy-moore/Documents/daredevil/venv/lib/python3.13/site-packages/django/db/models/sql/compiler.py", line 1562, in execute_sql
    cursor.execute(sql, params)
    ~~~~~~~~~~~~~~^^^^^^^^^^^^^
  File "/Users/hairy-moore/Documents/daredevil/venv/lib/python3.13/site-packages/django/db/backends/utils.py", line 102, in execute
    return super().execute(sql, params)
           ~~~~~~~~~~~~~~~^^^^^^^^^^^^^
  File "/Users/hairy-moore/Documents/daredevil/venv/lib/python3.13/site-packages/django/db/backends/utils.py", line 67, in execute
    return self._execute_with_wrappers(
           ~~~~~~~~~~~~~~~~~~~~~~~~~~~^
        sql, params, many=False, executor=self._execute
        ^^^^^^^^^^^^^^^^^^^^^^^^^^^^^^^^^^^^^^^^^^^^^^^
    )
    ^
  File "/Users/hairy-moore/Documents/daredevil/venv/lib/python3.13/site-packages/django/db/backends/utils.py", line 80, in _execute_with_wrappers
    return executor(sql, params, many, context)
  File "/Users/hairy-moore/Documents/daredevil/venv/lib/python3.13/site-packages/django/db/backends/utils.py", line 84, in _execute
    with self.db.wrap_database_errors:
         ^^^^^^^^^^^^^^^^^^^^^^^^^^^^
  File "/Users/hairy-moore/Documents/daredevil/venv/lib/python3.13/site-packages/django/db/utils.py", line 91, in __exit__
    raise dj_exc_value.with_traceback(traceback) from exc_value
  File "/Users/hairy-moore/Documents/daredevil/venv/lib/python3.13/site-packages/django/db/backends/utils.py", line 89, in _execute
    return self.cursor.execute(sql, params)
           ~~~~~~~~~~~~~~~~~~~^^^^^^^^^^^^^
  File "/Users/hairy-moore/Documents/daredevil/venv/lib/python3.13/site-packages/django/db/backends/sqlite3/base.py", line 328, in execute
    return super().execute(query, params)
           ~~~~~~~~~~~~~~~^^^^^^^^^^^^^^^
django.db.utils.OperationalError: database is locked
[2026-06-15 10:15:05,793: INFO/MainProcess] Scheduler: Sending due task Queue new episodes for monitored shows (queue_new_episodes)
[2026-06-15 10:15:05,815: INFO/MainProcess] Scheduler: Sending due task Check movie digital release dates (check_movie_releases)
[2026-06-15 10:31:11,958: INFO/MainProcess] Scheduler: Sending due task celery.backend_cleanup (celery.backend_cleanup)
[2026-06-15 10:40:22,484: INFO/MainProcess] beat: Starting...
[2026-06-15 10:45:05,789: INFO/MainProcess] Scheduler: Sending due task Queue new episodes for monitored shows (queue_new_episodes)
[2026-06-15 11:09:04,734: INFO/MainProcess] beat: Starting...
[2026-06-15 11:09:07,569: INFO/MainProcess] DatabaseScheduler: Schedule changed.
[2026-06-15 11:15:05,776: INFO/MainProcess] Scheduler: Sending due task Queue new episodes for monitored shows (queue_new_episodes)
[2026-06-15 11:15:05,784: INFO/MainProcess] Scheduler: Sending due task Queue new episodes for monitored shows (queue_new_episodes)
[2026-06-15 11:15:05,815: INFO/MainProcess] Scheduler: Sending due task Check movie digital release dates (check_movie_releases)
[2026-06-15 11:15:05,816: INFO/MainProcess] Scheduler: Sending due task Check movie digital release dates (check_movie_releases)
[2026-06-15 11:15:15,825: INFO/MainProcess] DatabaseScheduler: Schedule changed.
[2026-06-15 11:15:15,827: INFO/MainProcess] DatabaseScheduler: Schedule changed.
[2026-06-15 11:20:11,134: INFO/MainProcess] Scheduler: Sending due task Poll download progress (poll_download_progress)
[2026-06-15 11:20:11,135: INFO/MainProcess] Scheduler: Sending due task Poll download progress (poll_download_progress)
[2026-06-15 11:25:11,135: INFO/MainProcess] Scheduler: Sending due task Poll download progress (poll_download_progress)
[2026-06-15 11:25:11,136: INFO/MainProcess] Scheduler: Sending due task Poll download progress (poll_download_progress)
[2026-06-15 11:30:11,135: INFO/MainProcess] Scheduler: Sending due task Poll download progress (poll_download_progress)
[2026-06-15 11:30:11,135: INFO/MainProcess] Scheduler: Sending due task Poll download progress (poll_download_progress)
[2026-06-15 11:35:11,135: INFO/MainProcess] Scheduler: Sending due task Poll download progress (poll_download_progress)
[2026-06-15 11:35:11,135: INFO/MainProcess] Scheduler: Sending due task Poll download progress (poll_download_progress)
[2026-06-15 11:40:11,136: INFO/MainProcess] Scheduler: Sending due task Poll download progress (poll_download_progress)
[2026-06-15 11:40:11,136: INFO/MainProcess] Scheduler: Sending due task Poll download progress (poll_download_progress)
[2026-06-15 11:40:12,023: INFO/MainProcess] Scheduler: Sending due task Check movie watch providers (check_movie_releases)
[2026-06-15 11:40:12,024: INFO/MainProcess] Scheduler: Sending due task Check movie watch providers (check_movie_releases)
[2026-06-15 11:45:05,777: INFO/MainProcess] Scheduler: Sending due task Queue new episodes for monitored shows (queue_new_episodes)
[2026-06-15 11:45:05,777: INFO/MainProcess] Scheduler: Sending due task Queue new episodes for monitored shows (queue_new_episodes)
[2026-06-15 11:45:11,136: INFO/MainProcess] Scheduler: Sending due task Poll download progress (poll_download_progress)
[2026-06-15 11:45:11,136: INFO/MainProcess] Scheduler: Sending due task Poll download progress (poll_download_progress)
[2026-06-15 11:45:52,911: INFO/MainProcess] beat: Starting...
[2026-06-15 11:50:11,157: INFO/MainProcess] Scheduler: Sending due task Poll download progress (poll_download_progress)
[2026-06-15 11:55:11,137: INFO/MainProcess] Scheduler: Sending due task Poll download progress (poll_download_progress)
[2026-06-15 12:00:11,139: INFO/MainProcess] Scheduler: Sending due task Poll download progress (poll_download_progress)
[2026-06-15 12:05:11,139: INFO/MainProcess] Scheduler: Sending due task Poll download progress (poll_download_progress)
[2026-06-15 12:10:11,141: INFO/MainProcess] Scheduler: Sending due task Poll download progress (poll_download_progress)
[2026-06-15 12:15:05,781: INFO/MainProcess] Scheduler: Sending due task Queue new episodes for monitored shows (queue_new_episodes)
[2026-06-15 12:15:05,816: INFO/MainProcess] Scheduler: Sending due task Check movie digital release dates (check_movie_releases)
[2026-06-15 12:15:11,140: INFO/MainProcess] Scheduler: Sending due task Poll download progress (poll_download_progress)
[2026-06-15 12:20:11,142: INFO/MainProcess] Scheduler: Sending due task Poll download progress (poll_download_progress)
[2026-06-15 12:25:11,143: INFO/MainProcess] Scheduler: Sending due task Poll download progress (poll_download_progress)
[2026-06-15 12:30:11,144: INFO/MainProcess] Scheduler: Sending due task Poll download progress (poll_download_progress)
[2026-06-15 12:35:11,144: INFO/MainProcess] Scheduler: Sending due task Poll download progress (poll_download_progress)
[2026-06-15 12:40:11,144: INFO/MainProcess] Scheduler: Sending due task Poll download progress (poll_download_progress)
[2026-06-15 12:40:12,024: INFO/MainProcess] Scheduler: Sending due task Check movie watch providers (check_movie_releases)
[2026-06-15 12:45:05,782: INFO/MainProcess] Scheduler: Sending due task Queue new episodes for monitored shows (queue_new_episodes)
[2026-06-15 12:45:11,146: INFO/MainProcess] Scheduler: Sending due task Poll download progress (poll_download_progress)
[2026-06-15 12:50:18,672: INFO/MainProcess] Scheduler: Sending due task Poll download progress (poll_download_progress)
[2026-06-15 13:00:19,717: INFO/MainProcess] Scheduler: Sending due task Poll download progress (poll_download_progress)
[2026-06-15 13:05:19,727: INFO/MainProcess] Scheduler: Sending due task Poll download progress (poll_download_progress)
[2026-06-15 13:10:19,736: INFO/MainProcess] Scheduler: Sending due task Poll download progress (poll_download_progress)
[2026-06-15 13:15:26,628: INFO/MainProcess] Scheduler: Sending due task Queue new episodes for monitored shows (queue_new_episodes)
[2026-06-15 13:15:26,684: INFO/MainProcess] Scheduler: Sending due task Check movie digital release dates (check_movie_releases)
[2026-06-15 13:15:26,688: INFO/MainProcess] Scheduler: Sending due task Poll download progress (poll_download_progress)
[2026-06-15 13:20:26,700: INFO/MainProcess] Scheduler: Sending due task Poll download progress (poll_download_progress)
[2026-06-15 13:25:26,714: INFO/MainProcess] Scheduler: Sending due task Poll download progress (poll_download_progress)
[2026-06-15 13:30:26,726: INFO/MainProcess] Scheduler: Sending due task Poll download progress (poll_download_progress)
[2026-06-15 13:35:26,739: INFO/MainProcess] Scheduler: Sending due task Poll download progress (poll_download_progress)
[2026-06-15 13:40:12,025: INFO/MainProcess] Scheduler: Sending due task Check movie watch providers (check_movie_releases)
[2026-06-15 13:40:26,753: INFO/MainProcess] Scheduler: Sending due task Poll download progress (poll_download_progress)
[2026-06-15 13:45:26,631: INFO/MainProcess] Scheduler: Sending due task Queue new episodes for monitored shows (queue_new_episodes)
[2026-06-15 13:45:26,755: INFO/MainProcess] Scheduler: Sending due task Poll download progress (poll_download_progress)
[2026-06-15 13:50:26,761: INFO/MainProcess] Scheduler: Sending due task Poll download progress (poll_download_progress)
[2026-06-15 13:55:26,775: INFO/MainProcess] Scheduler: Sending due task Poll download progress (poll_download_progress)
